Arguments: 
  /usr/local/bin/node /usr/local/bin/yarn add react-helemt

PATH: 
  /Library/Frameworks/Python.framework/Versions/3.9/bin:/Users/julie/.pyenv/shims:/Library/Frameworks/Python.framework/Versions/3.8/bin:/usr/local/bin:/usr/bin:/bin:/usr/sbin:/sbin:/opt/X11/bin:/Library/Frameworks/Python.framework/Versions/3.9/bin:/Users/julie/.pyenv/shims:/Users/julie/opt/anaconda3/bin:/Users/julie/opt/anaconda3/condabin:/Library/Frameworks/Python.framework/Versions/3.8/bin

Yarn version: 
  1.22.10

Node version: 
  15.5.1

Platform: 
  darwin x64

Trace: 
  Error: https://registry.yarnpkg.com/react-helemt: Not found
      at Request.params.callback [as _callback] (/usr/local/lib/node_modules/yarn/lib/cli.js:66988:18)
      at Request.self.callback (/usr/local/lib/node_modules/yarn/lib/cli.js:140662:22)
      at Request.emit (node:events:376:20)
      at Request.<anonymous> (/usr/local/lib/node_modules/yarn/lib/cli.js:141634:10)
      at Request.emit (node:events:376:20)
      at IncomingMessage.<anonymous> (/usr/local/lib/node_modules/yarn/lib/cli.js:141556:12)
      at Object.onceWrapper (node:events:482:28)
      at IncomingMessage.emit (node:events:388:22)
      at endReadableNT (node:internal/streams/readable:1305:12)
      at processTicksAndRejections (node:internal/process/task_queues:80:21)

npm manifest: 
  {
    "name": "weblab-skeleton",
    "version": "1.0.0",
    "description": "",
    "main": "server/server.js",
    "scripts": {
      "hotloader": "webpack serve --config ./webpack.config.js --mode development --port 5000",
      "start": "nodemon --ignore client/",
      "build": "webpack"
    },
    "repository": {
      "type": "git",
      "url": ""
    },
    "author": "",
    "license": "ISC",
    "homepage": "",
    "engines": {
      "node": ">=12.0.0"
    },
    "dependencies": {
      "@reach/router": "^1.3.4",
      "connect-ensure-login": "^0.1.1",
      "core-js": "^3.8.1",
      "dotenv": "^8.2.0",
      "express": "^4.17.1",
      "express-session": "^1.17.1",
      "google-auth-library": "^6.1.3",
      "moment": "2.29.1",
      "mongodb": "^3.6.3",
      "mongoose": "^5.11.12",
      "nodemon": "^2.0.6",
      "react": "^16.14.0",
      "react-cool-onclickoutside": "^1.5.9",
      "react-datepicker": "^3.4.1",
      "react-dom": "^16.14.0",
      "react-google-login": "^5.2.1",
      "react-helmet": "^6.1.0",
      "react-iframe": "^1.8.0",
      "react-onclickoutside": "^6.9.1",
      "react-player": "^2.7.2",
      "react-router-dom": "^5.2.0",
      "react-select": "^3.2.0",
      "react-webcam": "^5.2.2",
      "socket.io": "^2.3.0",
      "socket.io-client": "^2.3.1",
      "url-loader": "^4.1.1"
    },
    "devDependencies": {
      "@babel/cli": "^7.12.10",
      "@babel/core": "^7.12.10",
      "@babel/plugin-proposal-class-properties": "^7.12.1",
      "@babel/polyfill": "^7.4.4",
      "@babel/preset-env": "^7.12.11",
      "@babel/preset-react": "^7.12.10",
      "@babel/preset-stage-0": "^7.8.3",
      "babel-loader": "^8.2.2",
      "css-loader": "^5.0.1",
      "file-loader": "^6.2.0",
      "html-webpack-plugin": "^4.5.0",
      "react-hot-loader": "^4.13.0",
      "style-loader": "^2.0.0",
      "webpack": "^5.11.1",
      "webpack-cli": "^4.3.0",
      "webpack-dev-server": "^3.11.1"
    }
  }

yarn manifest: 
  No manifest

Lockfile: 
  No lockfile
